\BOOKMARK [1][-]{section.1}{Pregunta 1}{}
\BOOKMARK [2][-]{subsection.1.1}{Enunciado del Problema:}{section.1}
\BOOKMARK [2][-]{subsection.1.2}{Pseudocodigo}{section.1}
\BOOKMARK [2][-]{subsection.1.3}{Explicacion}{section.1}
\BOOKMARK [1][-]{section.2}{Pregunta 2}{}
\BOOKMARK [2][-]{subsection.2.1}{Enunciado del Problema:}{section.2}
\BOOKMARK [2][-]{subsection.2.2}{Lote}{section.2}
\BOOKMARK [2][-]{subsection.2.3}{Resultados}{section.2}
\BOOKMARK [1][-]{section.3}{Pregunta 3}{}
\BOOKMARK [2][-]{subsection.3.1}{Enunciado del Problema:}{section.3}
\BOOKMARK [2][-]{subsection.3.2}{Pseudocodigo}{section.3}
\BOOKMARK [2][-]{subsection.3.3}{Explicaci\363n de la implementacion}{section.3}
\BOOKMARK [1][-]{section.4}{Pregunta 4}{}
\BOOKMARK [2][-]{subsection.4.1}{Enunciado del Problema:}{section.4}
\BOOKMARK [2][-]{subsection.4.2}{Experimentos}{section.4}
\BOOKMARK [3][-]{subsubsection.4.2.1}{Primer experimento:}{subsection.4.2}
\BOOKMARK [3][-]{subsubsection.4.2.2}{Segundo experimento:}{subsection.4.2}
\BOOKMARK [1][-]{section.5}{Pregunta 5}{}
\BOOKMARK [2][-]{subsection.5.1}{Enunciado del Problema:}{section.5}
\BOOKMARK [2][-]{subsection.5.2}{Explicacion de la implementacion}{section.5}
\BOOKMARK [2][-]{subsection.5.3}{Pseudocodigo}{section.5}
\BOOKMARK [2][-]{subsection.5.4}{Optimizaciones propuestas por el articulo}{section.5}
\BOOKMARK [1][-]{section.6}{Pregunta 6}{}
\BOOKMARK [2][-]{subsection.6.1}{Enunciado del Problema:}{section.6}
\BOOKMARK [2][-]{subsection.6.2}{Pseudocodigo}{section.6}
\BOOKMARK [2][-]{subsection.6.3}{Explicaci\363n de la implementacion}{section.6}
\BOOKMARK [1][-]{section.7}{Pregunta 7}{}
\BOOKMARK [2][-]{subsection.7.1}{Enunciado del Problema:}{section.7}
\BOOKMARK [2][-]{subsection.7.2}{Experimento con 1 core}{section.7}
\BOOKMARK [2][-]{subsection.7.3}{Experimento con 2 cores}{section.7}
\BOOKMARK [2][-]{subsection.7.4}{Experimento con 4 cores}{section.7}
\BOOKMARK [1][-]{section.8}{Pregunta 8}{}
\BOOKMARK [2][-]{subsection.8.1}{Enunciado del Problema:}{section.8}
\BOOKMARK [2][-]{subsection.8.2}{Explicaci\363n de la implementacion}{section.8}
\BOOKMARK [2][-]{subsection.8.3}{Comparaci\363n entre los algoritmos de Round Robin}{section.8}
\BOOKMARK [3][-]{subsubsection.8.3.1}{Primer experimento}{subsection.8.3}
\BOOKMARK [3][-]{subsubsection.8.3.2}{Segundo experimento}{subsection.8.3}
\BOOKMARK [3][-]{subsubsection.8.3.3}{Conclusi\363n}{subsection.8.3}
\BOOKMARK [1][-]{section.9}{Pregunta 9}{}
\BOOKMARK [2][-]{subsection.9.1}{Enunciado del Problema:}{section.9}
\BOOKMARK [3][-]{subsubsection.9.1.1}{Introducci\363n}{subsection.9.1}
\BOOKMARK [3][-]{subsubsection.9.1.2}{Experimentaci\363n con un n\372cleo}{subsection.9.1}
\BOOKMARK [3][-]{subsubsection.9.1.3}{Experimentaci\363n con dos n\372cleos}{subsection.9.1}
\BOOKMARK [3][-]{subsubsection.9.1.4}{Conclusi\363n}{subsection.9.1}
\BOOKMARK [1][-]{section.10}{Pregunta 10}{}
\BOOKMARK [2][-]{subsection.10.1}{Enunciado del Problema:}{section.10}
\BOOKMARK [2][-]{subsection.10.2}{Soluci\363n}{section.10}
